Построение начато 07.09.2013 16:56:04.
     1>Проект "C:\Users\Виталий\Documents\Visual Studio 2010\Projects\TPlab1\TPlab1\TPlab1.vcxproj" в узле 2 (целевые объекты build).
     1>InitializeBuildStatus:
         Создание "Debug\TPlab1.unsuccessfulbuild", так как было задано "AlwaysCreate".
       ClCompile:
         Для всех выходных данных обновления не требуется.
         C:\Program Files\Microsoft Visual Studio 10.0\VC\bin\CL.exe /c /ZI /nologo /W3 /WX- /Od /Oy- /D WIN32 /D _DEBUG /D _CONSOLE /D _UNICODE /D UNICODE /Gm /EHsc /RTC1 /MDd /GS /fp:precise /Zc:wchar_t /Zc:forScope /Yu"StdAfx.h" /Fp"Debug\TPlab1.pch" /Fo"Debug\\" /Fd"Debug\vc100.pdb" /Gd /TP /analyze- /errorReport:prompt TPlab1.cpp
         TPlab1.cpp
     1>c:\users\виталий\documents\visual studio 2010\projects\tplab1\tplab1\tplab1.cpp(54): warning C4244: аргумент: преобразование "time_t" в "unsigned int", возможна потеря данных
       ManifestResourceCompile:
         Для всех выходных данных обновления не требуется.
       Link:
         C:\Program Files\Microsoft Visual Studio 10.0\VC\bin\link.exe /ERRORREPORT:PROMPT /OUT:"C:\Users\Виталий\Documents\Visual Studio 2010\Projects\TPlab1\Debug\TPlab1.exe" /INCREMENTAL /NOLOGO kernel32.lib user32.lib gdi32.lib winspool.lib comdlg32.lib advapi32.lib shell32.lib ole32.lib oleaut32.lib uuid.lib odbc32.lib odbccp32.lib /MANIFEST /ManifestFile:"Debug\TPlab1.exe.intermediate.manifest" /MANIFESTUAC:"level='asInvoker' uiAccess='false'" /DEBUG /PDB:"C:\Users\Виталий\Documents\Visual Studio 2010\Projects\TPlab1\Debug\TPlab1.pdb" /SUBSYSTEM:CONSOLE /TLBID:1 /DYNAMICBASE /NXCOMPAT /IMPLIB:"C:\Users\Виталий\Documents\Visual Studio 2010\Projects\TPlab1\Debug\TPlab1.lib" /MACHINE:X86 Debug\TPlab1.exe.embed.manifest.res
         Debug\stdafx.obj
         Debug\TPlab1.obj
       Manifest:
         C:\Program Files\Microsoft SDKs\Windows\v7.0A\bin\mt.exe /nologo /verbose /out:"Debug\TPlab1.exe.embed.manifest" /manifest Debug\TPlab1.exe.intermediate.manifest
         Для всех выходных данных обновления не требуется.
       LinkEmbedManifest:
         Для всех выходных данных обновления не требуется.
         TPlab1.vcxproj -> C:\Users\Виталий\Documents\Visual Studio 2010\Projects\TPlab1\Debug\TPlab1.exe
       FinalizeBuildStatus:
         Файл "Debug\TPlab1.unsuccessfulbuild" удаляется.
         Обращение к "Debug\TPlab1.lastbuildstate".
     1>Построение проекта "C:\Users\Виталий\Documents\Visual Studio 2010\Projects\TPlab1\TPlab1\TPlab1.vcxproj" завершено (целевые объекты build).

Построение успешно завершено.

Затраченное время: 00:00:03.78
